{"C:\\Users\\orfne\\Desktop\\Coding Factory\\Node\\CF7-Node\\jestApp\\index.js": {"path":"C:\\Users\\orfne\\Desktop\\Coding Factory\\Node\\CF7-Node\\jestApp\\index.js","statementMap":{"0":{"start":{"line":1,"column":23},"end":{"line":17,"column":1}},"1":{"start":{"line":3,"column":4},"end":{"line":3,"column":17}},"2":{"start":{"line":7,"column":4},"end":{"line":7,"column":17}},"3":{"start":{"line":11,"column":4},"end":{"line":11,"column":17}},"4":{"start":{"line":15,"column":4},"end":{"line":15,"column":17}},"5":{"start":{"line":19,"column":0},"end":{"line":19,"column":32}}},"fnMap":{"0":{"name":"(anonymous_0)","decl":{"start":{"line":2,"column":7},"end":{"line":2,"column":8}},"loc":{"start":{"line":2,"column":23},"end":{"line":4,"column":3}},"line":2},"1":{"name":"(anonymous_1)","decl":{"start":{"line":6,"column":8},"end":{"line":6,"column":9}},"loc":{"start":{"line":6,"column":24},"end":{"line":8,"column":3}},"line":6},"2":{"name":"(anonymous_2)","decl":{"start":{"line":10,"column":11},"end":{"line":10,"column":12}},"loc":{"start":{"line":10,"column":27},"end":{"line":12,"column":3}},"line":10},"3":{"name":"(anonymous_3)","decl":{"start":{"line":14,"column":10},"end":{"line":14,"column":11}},"loc":{"start":{"line":14,"column":26},"end":{"line":16,"column":3}},"line":14}},"branchMap":{},"s":{"0":1,"1":1,"2":0,"3":0,"4":0,"5":1},"f":{"0":1,"1":0,"2":0,"3":0},"b":{},"_coverageSchema":"1a1c01bbd47fc00a2c39e90264f33305004495a9","hash":"d7239f8781b5c571184c5ac6dc31629fcad18a7d"}
}
